{"C:\\Users\\Benny\\OneDrive\\Документы\\git__github\\react\\biblioteca-musical-estilizado-redux-toolkit\\functions.js": {"path":"C:\\Users\\Benny\\OneDrive\\Документы\\git__github\\react\\biblioteca-musical-estilizado-redux-toolkit\\functions.js","statementMap":{"0":{"start":{"line":4,"column":16},"end":{"line":4,"column":17}},"1":{"start":{"line":5,"column":4},"end":{"line":7,"column":5}},"2":{"start":{"line":6,"column":6},"end":{"line":6,"column":19}},"3":{"start":{"line":8,"column":4},"end":{"line":8,"column":17}},"4":{"start":{"line":12,"column":4},"end":{"line":12,"column":46}},"5":{"start":{"line":12,"column":37},"end":{"line":12,"column":46}},"6":{"start":{"line":13,"column":18},"end":{"line":13,"column":33}},"7":{"start":{"line":14,"column":4},"end":{"line":14,"column":52}},"8":{"start":{"line":14,"column":32},"end":{"line":14,"column":43}},"9":{"start":{"line":18,"column":4},"end":{"line":18,"column":42}},"10":{"start":{"line":18,"column":30},"end":{"line":18,"column":42}},"11":{"start":{"line":19,"column":14},"end":{"line":19,"column":24}},"12":{"start":{"line":20,"column":4},"end":{"line":22,"column":5}},"13":{"start":{"line":21,"column":6},"end":{"line":21,"column":31}},"14":{"start":{"line":21,"column":21},"end":{"line":21,"column":31}},"15":{"start":{"line":23,"column":4},"end":{"line":23,"column":15}},"16":{"start":{"line":27,"column":4},"end":{"line":27,"column":63}},"17":{"start":{"line":27,"column":23},"end":{"line":27,"column":63}},"18":{"start":{"line":28,"column":4},"end":{"line":28,"column":31}},"19":{"start":{"line":31,"column":2},"end":{"line":36,"column":4}}},"fnMap":{"0":{"name":"sumArray","decl":{"start":{"line":3,"column":9},"end":{"line":3,"column":17}},"loc":{"start":{"line":3,"column":27},"end":{"line":9,"column":3}},"line":3},"1":{"name":"countWords","decl":{"start":{"line":11,"column":11},"end":{"line":11,"column":21}},"loc":{"start":{"line":11,"column":28},"end":{"line":15,"column":3}},"line":11},"2":{"name":"(anonymous_2)","decl":{"start":{"line":14,"column":24},"end":{"line":14,"column":25}},"loc":{"start":{"line":14,"column":32},"end":{"line":14,"column":43}},"line":14},"3":{"name":"findMax","decl":{"start":{"line":17,"column":11},"end":{"line":17,"column":18}},"loc":{"start":{"line":17,"column":28},"end":{"line":24,"column":3}},"line":17},"4":{"name":"isDivisible","decl":{"start":{"line":26,"column":11},"end":{"line":26,"column":22}},"loc":{"start":{"line":26,"column":37},"end":{"line":29,"column":3}},"line":26}},"branchMap":{"0":{"loc":{"start":{"line":12,"column":4},"end":{"line":12,"column":46}},"type":"if","locations":[{"start":{"line":12,"column":4},"end":{"line":12,"column":46}},{"start":{},"end":{}}],"line":12},"1":{"loc":{"start":{"line":12,"column":8},"end":{"line":12,"column":35}},"type":"binary-expr","locations":[{"start":{"line":12,"column":8},"end":{"line":12,"column":13}},{"start":{"line":12,"column":17},"end":{"line":12,"column":35}}],"line":12},"2":{"loc":{"start":{"line":18,"column":4},"end":{"line":18,"column":42}},"type":"if","locations":[{"start":{"line":18,"column":4},"end":{"line":18,"column":42}},{"start":{},"end":{}}],"line":18},"3":{"loc":{"start":{"line":21,"column":6},"end":{"line":21,"column":31}},"type":"if","locations":[{"start":{"line":21,"column":6},"end":{"line":21,"column":31}},{"start":{},"end":{}}],"line":21},"4":{"loc":{"start":{"line":27,"column":4},"end":{"line":27,"column":63}},"type":"if","locations":[{"start":{"line":27,"column":4},"end":{"line":27,"column":63}},{"start":{},"end":{}}],"line":27}},"s":{"0":4,"1":4,"2":10,"3":4,"4":4,"5":1,"6":3,"7":3,"8":16,"9":4,"10":1,"11":3,"12":3,"13":9,"14":2,"15":3,"16":4,"17":1,"18":3,"19":1},"f":{"0":4,"1":4,"2":16,"3":4,"4":4},"b":{"0":[1,3],"1":[4,3],"2":[1,3],"3":[2,7],"4":[1,3]},"_coverageSchema":"1a1c01bbd47fc00a2c39e90264f33305004495a9","hash":"c315ecfb2e38f8bdcd579cc984aece2004030cb4"}
,"C:\\Users\\Benny\\OneDrive\\Документы\\git__github\\react\\biblioteca-musical-estilizado-redux-toolkit\\src\\App.js": {"path":"C:\\Users\\Benny\\OneDrive\\Документы\\git__github\\react\\biblioteca-musical-estilizado-redux-toolkit\\src\\App.js","statementMap":{"0":{"start":{"line":14,"column":38},"end":{"line":14,"column":50}},"1":{"start":{"line":15,"column":32},"end":{"line":15,"column":44}},"2":{"start":{"line":17,"column":19},"end":{"line":17,"column":57}},"3":{"start":{"line":18,"column":17},"end":{"line":18,"column":87}},"4":{"start":{"line":20,"column":44},"end":{"line":22,"column":3}},"5":{"start":{"line":25,"column":2},"end":{"line":27,"column":16}},"6":{"start":{"line":26,"column":4},"end":{"line":26,"column":52}},"7":{"start":{"line":29,"column":23},"end":{"line":34,"column":3}},"8":{"start":{"line":30,"column":19},"end":{"line":30,"column":70}},"9":{"start":{"line":30,"column":40},"end":{"line":30,"column":69}},"10":{"start":{"line":31,"column":4},"end":{"line":33,"column":5}},"11":{"start":{"line":32,"column":6},"end":{"line":32,"column":37}},"12":{"start":{"line":37,"column":2},"end":{"line":58,"column":4}}},"fnMap":{"0":{"name":"App","decl":{"start":{"line":13,"column":9},"end":{"line":13,"column":12}},"loc":{"start":{"line":13,"column":15},"end":{"line":59,"column":1}},"line":13},"1":{"name":"(anonymous_1)","decl":{"start":{"line":25,"column":12},"end":{"line":25,"column":13}},"loc":{"start":{"line":25,"column":18},"end":{"line":27,"column":3}},"line":25},"2":{"name":"(anonymous_2)","decl":{"start":{"line":29,"column":23},"end":{"line":29,"column":24}},"loc":{"start":{"line":29,"column":33},"end":{"line":34,"column":3}},"line":29},"3":{"name":"(anonymous_3)","decl":{"start":{"line":30,"column":32},"end":{"line":30,"column":33}},"loc":{"start":{"line":30,"column":40},"end":{"line":30,"column":69}},"line":30}},"branchMap":{"0":{"loc":{"start":{"line":21,"column":4},"end":{"line":21,"column":46}},"type":"cond-expr","locations":[{"start":{"line":21,"column":17},"end":{"line":21,"column":39}},{"start":{"line":21,"column":42},"end":{"line":21,"column":46}}],"line":21},"1":{"loc":{"start":{"line":31,"column":4},"end":{"line":33,"column":5}},"type":"if","locations":[{"start":{"line":31,"column":4},"end":{"line":33,"column":5}},{"start":{},"end":{}}],"line":31}},"s":{"0":2,"1":2,"2":2,"3":2,"4":2,"5":2,"6":2,"7":2,"8":0,"9":0,"10":0,"11":0,"12":2},"f":{"0":2,"1":2,"2":0,"3":0},"b":{"0":[0,2],"1":[0,0]},"_coverageSchema":"1a1c01bbd47fc00a2c39e90264f33305004495a9","hash":"47233469d573fdde77667859415e0ad7f156b5be"}
,"C:\\Users\\Benny\\OneDrive\\Документы\\git__github\\react\\biblioteca-musical-estilizado-redux-toolkit\\src\\Styles\\theme.js": {"path":"C:\\Users\\Benny\\OneDrive\\Документы\\git__github\\react\\biblioteca-musical-estilizado-redux-toolkit\\src\\Styles\\theme.js","statementMap":{"0":{"start":{"line":1,"column":21},"end":{"line":24,"column":1}}},"fnMap":{},"branchMap":{},"s":{"0":6},"f":{},"b":{},"_coverageSchema":"1a1c01bbd47fc00a2c39e90264f33305004495a9","hash":"412a84de2c56096a987975e7dd514783e8e7d8ed"}
,"C:\\Users\\Benny\\OneDrive\\Документы\\git__github\\react\\biblioteca-musical-estilizado-redux-toolkit\\src\\components\\Header\\Header.js": {"path":"C:\\Users\\Benny\\OneDrive\\Документы\\git__github\\react\\biblioteca-musical-estilizado-redux-toolkit\\src\\components\\Header\\Header.js","statementMap":{"0":{"start":{"line":4,"column":15},"end":{"line":10,"column":1}},"1":{"start":{"line":5,"column":2},"end":{"line":9,"column":4}}},"fnMap":{"0":{"name":"(anonymous_0)","decl":{"start":{"line":4,"column":15},"end":{"line":4,"column":16}},"loc":{"start":{"line":4,"column":21},"end":{"line":10,"column":1}},"line":4}},"branchMap":{},"s":{"0":2,"1":4},"f":{"0":4},"b":{},"_coverageSchema":"1a1c01bbd47fc00a2c39e90264f33305004495a9","hash":"c178a68ad84e59362fd43b0fe8439b69d5a90be3"}
,"C:\\Users\\Benny\\OneDrive\\Документы\\git__github\\react\\biblioteca-musical-estilizado-redux-toolkit\\src\\components\\Library\\Library.js": {"path":"C:\\Users\\Benny\\OneDrive\\Документы\\git__github\\react\\biblioteca-musical-estilizado-redux-toolkit\\src\\components\\Library\\Library.js","statementMap":{"0":{"start":{"line":7,"column":17},"end":{"line":39,"column":2}},"1":{"start":{"line":8,"column":17},"end":{"line":8,"column":54}},"2":{"start":{"line":8,"column":40},"end":{"line":8,"column":53}},"3":{"start":{"line":9,"column":20},"end":{"line":9,"column":33}},"4":{"start":{"line":10,"column":24},"end":{"line":10,"column":40}},"5":{"start":{"line":12,"column":24},"end":{"line":14,"column":4}},"6":{"start":{"line":13,"column":5},"end":{"line":13,"column":30}},"7":{"start":{"line":16,"column":3},"end":{"line":38,"column":5}},"8":{"start":{"line":25,"column":13},"end":{"line":33,"column":19}},"9":{"start":{"line":31,"column":33},"end":{"line":31,"column":54}}},"fnMap":{"0":{"name":"(anonymous_0)","decl":{"start":{"line":7,"column":17},"end":{"line":7,"column":18}},"loc":{"start":{"line":7,"column":23},"end":{"line":39,"column":2}},"line":7},"1":{"name":"(anonymous_1)","decl":{"start":{"line":8,"column":29},"end":{"line":8,"column":30}},"loc":{"start":{"line":8,"column":40},"end":{"line":8,"column":53}},"line":8},"2":{"name":"(anonymous_2)","decl":{"start":{"line":12,"column":24},"end":{"line":12,"column":25}},"loc":{"start":{"line":12,"column":32},"end":{"line":14,"column":4}},"line":12},"3":{"name":"(anonymous_3)","decl":{"start":{"line":24,"column":22},"end":{"line":24,"column":23}},"loc":{"start":{"line":25,"column":13},"end":{"line":33,"column":19}},"line":25},"4":{"name":"(anonymous_4)","decl":{"start":{"line":31,"column":27},"end":{"line":31,"column":28}},"loc":{"start":{"line":31,"column":33},"end":{"line":31,"column":54}},"line":31}},"branchMap":{"0":{"loc":{"start":{"line":20,"column":8},"end":{"line":36,"column":8}},"type":"cond-expr","locations":[{"start":{"line":21,"column":9},"end":{"line":21,"column":58}},{"start":{"line":23,"column":9},"end":{"line":35,"column":21}}],"line":20}},"s":{"0":2,"1":7,"2":16,"3":7,"4":7,"5":7,"6":1,"7":7,"8":8,"9":1},"f":{"0":7,"1":16,"2":1,"3":8,"4":1},"b":{"0":[4,3]},"_coverageSchema":"1a1c01bbd47fc00a2c39e90264f33305004495a9","hash":"3d722ed51e9325127e19a9175f08bb8073d83477"}
,"C:\\Users\\Benny\\OneDrive\\Документы\\git__github\\react\\biblioteca-musical-estilizado-redux-toolkit\\src\\components\\Library\\Library.styles.js": {"path":"C:\\Users\\Benny\\OneDrive\\Документы\\git__github\\react\\biblioteca-musical-estilizado-redux-toolkit\\src\\components\\Library\\Library.styles.js","statementMap":{"0":{"start":{"line":4,"column":32},"end":{"line":15,"column":1}},"1":{"start":{"line":10,"column":46},"end":{"line":10,"column":87}},"2":{"start":{"line":11,"column":41},"end":{"line":11,"column":61}},"3":{"start":{"line":17,"column":23},"end":{"line":21,"column":1}},"4":{"start":{"line":19,"column":26},"end":{"line":19,"column":43}},"5":{"start":{"line":23,"column":25},"end":{"line":29,"column":1}}},"fnMap":{"0":{"name":"(anonymous_0)","decl":{"start":{"line":10,"column":22},"end":{"line":10,"column":23}},"loc":{"start":{"line":10,"column":46},"end":{"line":10,"column":87}},"line":10},"1":{"name":"(anonymous_1)","decl":{"start":{"line":11,"column":26},"end":{"line":11,"column":27}},"loc":{"start":{"line":11,"column":41},"end":{"line":11,"column":61}},"line":11},"2":{"name":"(anonymous_2)","decl":{"start":{"line":19,"column":11},"end":{"line":19,"column":12}},"loc":{"start":{"line":19,"column":26},"end":{"line":19,"column":43}},"line":19}},"branchMap":{"0":{"loc":{"start":{"line":10,"column":46},"end":{"line":10,"column":87}},"type":"cond-expr","locations":[{"start":{"line":10,"column":62},"end":{"line":10,"column":71}},{"start":{"line":10,"column":74},"end":{"line":10,"column":87}}],"line":10}},"s":{"0":2,"1":7,"2":7,"3":2,"4":4,"5":2},"f":{"0":7,"1":7,"2":4},"b":{"0":[1,6]},"_coverageSchema":"1a1c01bbd47fc00a2c39e90264f33305004495a9","hash":"f04b82639751f13fd43ce03dbc9c22da0d615e27"}
,"C:\\Users\\Benny\\OneDrive\\Документы\\git__github\\react\\biblioteca-musical-estilizado-redux-toolkit\\src\\components\\SearchBar\\SearchBar.js": {"path":"C:\\Users\\Benny\\OneDrive\\Документы\\git__github\\react\\biblioteca-musical-estilizado-redux-toolkit\\src\\components\\SearchBar\\SearchBar.js","statementMap":{"0":{"start":{"line":6,"column":18},"end":{"line":30,"column":1}},"1":{"start":{"line":7,"column":28},"end":{"line":7,"column":40}},"2":{"start":{"line":8,"column":19},"end":{"line":8,"column":32}},"3":{"start":{"line":10,"column":23},"end":{"line":17,"column":3}},"4":{"start":{"line":11,"column":4},"end":{"line":11,"column":23}},"5":{"start":{"line":12,"column":17},"end":{"line":12,"column":29}},"6":{"start":{"line":13,"column":4},"end":{"line":16,"column":5}},"7":{"start":{"line":14,"column":6},"end":{"line":14,"column":51}},"8":{"start":{"line":15,"column":6},"end":{"line":15,"column":33}},"9":{"start":{"line":19,"column":2},"end":{"line":29,"column":4}},"10":{"start":{"line":25,"column":25},"end":{"line":25,"column":49}}},"fnMap":{"0":{"name":"(anonymous_0)","decl":{"start":{"line":6,"column":18},"end":{"line":6,"column":19}},"loc":{"start":{"line":6,"column":24},"end":{"line":30,"column":1}},"line":6},"1":{"name":"(anonymous_1)","decl":{"start":{"line":10,"column":23},"end":{"line":10,"column":24}},"loc":{"start":{"line":10,"column":30},"end":{"line":17,"column":3}},"line":10},"2":{"name":"(anonymous_2)","decl":{"start":{"line":25,"column":18},"end":{"line":25,"column":19}},"loc":{"start":{"line":25,"column":25},"end":{"line":25,"column":49}},"line":25}},"branchMap":{"0":{"loc":{"start":{"line":13,"column":4},"end":{"line":16,"column":5}},"type":"if","locations":[{"start":{"line":13,"column":4},"end":{"line":16,"column":5}},{"start":{},"end":{}}],"line":13}},"s":{"0":2,"1":10,"2":10,"3":10,"4":3,"5":3,"6":3,"7":3,"8":3,"9":10,"10":4},"f":{"0":10,"1":3,"2":4},"b":{"0":[3,0]},"_coverageSchema":"1a1c01bbd47fc00a2c39e90264f33305004495a9","hash":"487382c03658c775116e3486febd2fa2c4780fa2"}
,"C:\\Users\\Benny\\OneDrive\\Документы\\git__github\\react\\biblioteca-musical-estilizado-redux-toolkit\\src\\components\\SearchBar\\SearchBar.styles.js": {"path":"C:\\Users\\Benny\\OneDrive\\Документы\\git__github\\react\\biblioteca-musical-estilizado-redux-toolkit\\src\\components\\SearchBar\\SearchBar.styles.js","statementMap":{"0":{"start":{"line":3,"column":26},"end":{"line":10,"column":1}},"1":{"start":{"line":12,"column":27},"end":{"line":24,"column":1}},"2":{"start":{"line":16,"column":37},"end":{"line":16,"column":57}},"3":{"start":{"line":22,"column":35},"end":{"line":22,"column":73}},"4":{"start":{"line":26,"column":28},"end":{"line":39,"column":1}},"5":{"start":{"line":28,"column":37},"end":{"line":28,"column":57}},"6":{"start":{"line":37,"column":39},"end":{"line":37,"column":77}}},"fnMap":{"0":{"name":"(anonymous_0)","decl":{"start":{"line":16,"column":22},"end":{"line":16,"column":23}},"loc":{"start":{"line":16,"column":37},"end":{"line":16,"column":57}},"line":16},"1":{"name":"(anonymous_1)","decl":{"start":{"line":22,"column":20},"end":{"line":22,"column":21}},"loc":{"start":{"line":22,"column":35},"end":{"line":22,"column":73}},"line":22},"2":{"name":"(anonymous_2)","decl":{"start":{"line":28,"column":22},"end":{"line":28,"column":23}},"loc":{"start":{"line":28,"column":37},"end":{"line":28,"column":57}},"line":28},"3":{"name":"(anonymous_3)","decl":{"start":{"line":37,"column":24},"end":{"line":37,"column":25}},"loc":{"start":{"line":37,"column":39},"end":{"line":37,"column":77}},"line":37}},"branchMap":{"0":{"loc":{"start":{"line":22,"column":35},"end":{"line":22,"column":73}},"type":"binary-expr","locations":[{"start":{"line":22,"column":35},"end":{"line":22,"column":60}},{"start":{"line":22,"column":64},"end":{"line":22,"column":73}}],"line":22},"1":{"loc":{"start":{"line":37,"column":39},"end":{"line":37,"column":77}},"type":"binary-expr","locations":[{"start":{"line":37,"column":39},"end":{"line":37,"column":64}},{"start":{"line":37,"column":68},"end":{"line":37,"column":77}}],"line":37}},"s":{"0":2,"1":2,"2":10,"3":10,"4":2,"5":10,"6":10},"f":{"0":10,"1":10,"2":10,"3":10},"b":{"0":[10,0],"1":[10,0]},"_coverageSchema":"1a1c01bbd47fc00a2c39e90264f33305004495a9","hash":"c5df1f2ad2be3261eac3824508a4e259bd8eb5ba"}
,"C:\\Users\\Benny\\OneDrive\\Документы\\git__github\\react\\biblioteca-musical-estilizado-redux-toolkit\\src\\components\\SearchResults\\SearchResults.js": {"path":"C:\\Users\\Benny\\OneDrive\\Документы\\git__github\\react\\biblioteca-musical-estilizado-redux-toolkit\\src\\components\\SearchResults\\SearchResults.js","statementMap":{"0":{"start":{"line":14,"column":22},"end":{"line":67,"column":1}},"1":{"start":{"line":15,"column":19},"end":{"line":15,"column":32}},"2":{"start":{"line":16,"column":38},"end":{"line":16,"column":74}},"3":{"start":{"line":16,"column":61},"end":{"line":16,"column":73}},"4":{"start":{"line":18,"column":20},"end":{"line":26,"column":3}},"5":{"start":{"line":19,"column":21},"end":{"line":24,"column":5}},"6":{"start":{"line":25,"column":4},"end":{"line":25,"column":32}},"7":{"start":{"line":28,"column":22},"end":{"line":33,"column":3}},"8":{"start":{"line":29,"column":23},"end":{"line":29,"column":61}},"9":{"start":{"line":30,"column":4},"end":{"line":32,"column":5}},"10":{"start":{"line":31,"column":6},"end":{"line":31,"column":39}},"11":{"start":{"line":35,"column":2},"end":{"line":35,"column":53}},"12":{"start":{"line":35,"column":15},"end":{"line":35,"column":53}},"13":{"start":{"line":37,"column":2},"end":{"line":44,"column":3}},"14":{"start":{"line":38,"column":4},"end":{"line":43,"column":6}},"15":{"start":{"line":46,"column":2},"end":{"line":48,"column":3}},"16":{"start":{"line":47,"column":4},"end":{"line":47,"column":49}},"17":{"start":{"line":50,"column":2},"end":{"line":66,"column":4}},"18":{"start":{"line":55,"column":10},"end":{"line":62,"column":16}},"19":{"start":{"line":60,"column":27},"end":{"line":60,"column":43}}},"fnMap":{"0":{"name":"(anonymous_0)","decl":{"start":{"line":14,"column":22},"end":{"line":14,"column":23}},"loc":{"start":{"line":14,"column":28},"end":{"line":67,"column":1}},"line":14},"1":{"name":"(anonymous_1)","decl":{"start":{"line":16,"column":50},"end":{"line":16,"column":51}},"loc":{"start":{"line":16,"column":61},"end":{"line":16,"column":73}},"line":16},"2":{"name":"(anonymous_2)","decl":{"start":{"line":18,"column":20},"end":{"line":18,"column":21}},"loc":{"start":{"line":18,"column":31},"end":{"line":26,"column":3}},"line":18},"3":{"name":"(anonymous_3)","decl":{"start":{"line":28,"column":22},"end":{"line":28,"column":23}},"loc":{"start":{"line":28,"column":28},"end":{"line":33,"column":3}},"line":28},"4":{"name":"(anonymous_4)","decl":{"start":{"line":54,"column":21},"end":{"line":54,"column":22}},"loc":{"start":{"line":55,"column":10},"end":{"line":62,"column":16}},"line":55},"5":{"name":"(anonymous_5)","decl":{"start":{"line":60,"column":21},"end":{"line":60,"column":22}},"loc":{"start":{"line":60,"column":27},"end":{"line":60,"column":43}},"line":60}},"branchMap":{"0":{"loc":{"start":{"line":30,"column":4},"end":{"line":32,"column":5}},"type":"if","locations":[{"start":{"line":30,"column":4},"end":{"line":32,"column":5}},{"start":{},"end":{}}],"line":30},"1":{"loc":{"start":{"line":35,"column":2},"end":{"line":35,"column":53}},"type":"if","locations":[{"start":{"line":35,"column":2},"end":{"line":35,"column":53}},{"start":{},"end":{}}],"line":35},"2":{"loc":{"start":{"line":37,"column":2},"end":{"line":44,"column":3}},"type":"if","locations":[{"start":{"line":37,"column":2},"end":{"line":44,"column":3}},{"start":{},"end":{}}],"line":37},"3":{"loc":{"start":{"line":46,"column":2},"end":{"line":48,"column":3}},"type":"if","locations":[{"start":{"line":46,"column":2},"end":{"line":48,"column":3}},{"start":{},"end":{}}],"line":46},"4":{"loc":{"start":{"line":46,"column":6},"end":{"line":46,"column":38}},"type":"binary-expr","locations":[{"start":{"line":46,"column":6},"end":{"line":46,"column":14}},{"start":{"line":46,"column":18},"end":{"line":46,"column":38}}],"line":46}},"s":{"0":2,"1":9,"2":9,"3":18,"4":9,"5":1,"6":1,"7":9,"8":1,"9":1,"10":1,"11":9,"12":2,"13":7,"14":1,"15":6,"16":3,"17":3,"18":4,"19":1},"f":{"0":9,"1":18,"2":1,"3":1,"4":4,"5":1},"b":{"0":[1,0],"1":[2,7],"2":[1,6],"3":[3,3],"4":[6,6]},"_coverageSchema":"1a1c01bbd47fc00a2c39e90264f33305004495a9","hash":"a47cd2d988f9c595cc56aeda239e1132fc2c12c4"}
,"C:\\Users\\Benny\\OneDrive\\Документы\\git__github\\react\\biblioteca-musical-estilizado-redux-toolkit\\src\\components\\SearchResults\\SearchResults.styles.js": {"path":"C:\\Users\\Benny\\OneDrive\\Документы\\git__github\\react\\biblioteca-musical-estilizado-redux-toolkit\\src\\components\\SearchResults\\SearchResults.styles.js","statementMap":{"0":{"start":{"line":3,"column":32},"end":{"line":9,"column":1}},"1":{"start":{"line":11,"column":27},"end":{"line":17,"column":1}},"2":{"start":{"line":19,"column":23},"end":{"line":23,"column":1}},"3":{"start":{"line":21,"column":26},"end":{"line":21,"column":43}},"4":{"start":{"line":25,"column":30},"end":{"line":33,"column":1}},"5":{"start":{"line":35,"column":27},"end":{"line":49,"column":1}}},"fnMap":{"0":{"name":"(anonymous_0)","decl":{"start":{"line":21,"column":11},"end":{"line":21,"column":12}},"loc":{"start":{"line":21,"column":26},"end":{"line":21,"column":43}},"line":21}},"branchMap":{},"s":{"0":2,"1":2,"2":2,"3":5,"4":2,"5":2},"f":{"0":5},"b":{},"_coverageSchema":"1a1c01bbd47fc00a2c39e90264f33305004495a9","hash":"c53b98aa83dc7f27e179536a6367bab36c6ce1ac"}
,"C:\\Users\\Benny\\OneDrive\\Документы\\git__github\\react\\biblioteca-musical-estilizado-redux-toolkit\\src\\components\\Song\\Song.js": {"path":"C:\\Users\\Benny\\OneDrive\\Документы\\git__github\\react\\biblioteca-musical-estilizado-redux-toolkit\\src\\components\\Song\\Song.js","statementMap":{"0":{"start":{"line":11,"column":13},"end":{"line":34,"column":1}},"1":{"start":{"line":12,"column":2},"end":{"line":33,"column":4}}},"fnMap":{"0":{"name":"(anonymous_0)","decl":{"start":{"line":11,"column":13},"end":{"line":11,"column":14}},"loc":{"start":{"line":11,"column":67},"end":{"line":34,"column":1}},"line":11}},"branchMap":{"0":{"loc":{"start":{"line":15,"column":9},"end":{"line":15,"column":69}},"type":"cond-expr","locations":[{"start":{"line":15,"column":14},"end":{"line":15,"column":61}},{"start":{"line":15,"column":64},"end":{"line":15,"column":69}}],"line":15},"1":{"loc":{"start":{"line":21,"column":7},"end":{"line":25,"column":7}},"type":"binary-expr","locations":[{"start":{"line":21,"column":7},"end":{"line":21,"column":12}},{"start":{"line":22,"column":8},"end":{"line":24,"column":20}}],"line":21},"2":{"loc":{"start":{"line":27,"column":7},"end":{"line":31,"column":7}},"type":"binary-expr","locations":[{"start":{"line":27,"column":7},"end":{"line":27,"column":15}},{"start":{"line":28,"column":8},"end":{"line":30,"column":23}}],"line":27}},"s":{"0":4,"1":18},"f":{"0":18},"b":{"0":[14,4],"1":[18,5],"2":[18,9]},"_coverageSchema":"1a1c01bbd47fc00a2c39e90264f33305004495a9","hash":"2ae8277071482ae8a01c423596ef7c7fdfd2716d"}
,"C:\\Users\\Benny\\OneDrive\\Документы\\git__github\\react\\biblioteca-musical-estilizado-redux-toolkit\\src\\components\\Song\\Song.styles.js": {"path":"C:\\Users\\Benny\\OneDrive\\Документы\\git__github\\react\\biblioteca-musical-estilizado-redux-toolkit\\src\\components\\Song\\Song.styles.js","statementMap":{"0":{"start":{"line":4,"column":29},"end":{"line":15,"column":1}},"1":{"start":{"line":17,"column":25},"end":{"line":21,"column":1}},"2":{"start":{"line":20,"column":26},"end":{"line":20,"column":43}},"3":{"start":{"line":23,"column":24},"end":{"line":27,"column":1}},"4":{"start":{"line":29,"column":25},"end":{"line":43,"column":1}},"5":{"start":{"line":30,"column":37},"end":{"line":30,"column":57}},"6":{"start":{"line":41,"column":39},"end":{"line":41,"column":77}},"7":{"start":{"line":45,"column":28},"end":{"line":59,"column":1}},"8":{"start":{"line":46,"column":37},"end":{"line":46,"column":69}},"9":{"start":{"line":57,"column":39},"end":{"line":57,"column":76}},"10":{"start":{"line":61,"column":24},"end":{"line":69,"column":1}},"11":{"start":{"line":63,"column":26},"end":{"line":63,"column":43}},"12":{"start":{"line":67,"column":28},"end":{"line":67,"column":48}}},"fnMap":{"0":{"name":"(anonymous_0)","decl":{"start":{"line":20,"column":11},"end":{"line":20,"column":12}},"loc":{"start":{"line":20,"column":26},"end":{"line":20,"column":43}},"line":20},"1":{"name":"(anonymous_1)","decl":{"start":{"line":30,"column":22},"end":{"line":30,"column":23}},"loc":{"start":{"line":30,"column":37},"end":{"line":30,"column":57}},"line":30},"2":{"name":"(anonymous_2)","decl":{"start":{"line":41,"column":24},"end":{"line":41,"column":25}},"loc":{"start":{"line":41,"column":39},"end":{"line":41,"column":77}},"line":41},"3":{"name":"(anonymous_3)","decl":{"start":{"line":46,"column":22},"end":{"line":46,"column":23}},"loc":{"start":{"line":46,"column":37},"end":{"line":46,"column":69}},"line":46},"4":{"name":"(anonymous_4)","decl":{"start":{"line":57,"column":24},"end":{"line":57,"column":25}},"loc":{"start":{"line":57,"column":39},"end":{"line":57,"column":76}},"line":57},"5":{"name":"(anonymous_5)","decl":{"start":{"line":63,"column":11},"end":{"line":63,"column":12}},"loc":{"start":{"line":63,"column":26},"end":{"line":63,"column":43}},"line":63},"6":{"name":"(anonymous_6)","decl":{"start":{"line":67,"column":13},"end":{"line":67,"column":14}},"loc":{"start":{"line":67,"column":28},"end":{"line":67,"column":48}},"line":67}},"branchMap":{"0":{"loc":{"start":{"line":41,"column":39},"end":{"line":41,"column":77}},"type":"binary-expr","locations":[{"start":{"line":41,"column":39},"end":{"line":41,"column":64}},{"start":{"line":41,"column":68},"end":{"line":41,"column":77}}],"line":41},"1":{"loc":{"start":{"line":46,"column":37},"end":{"line":46,"column":69}},"type":"binary-expr","locations":[{"start":{"line":46,"column":37},"end":{"line":46,"column":56}},{"start":{"line":46,"column":60},"end":{"line":46,"column":69}}],"line":46},"2":{"loc":{"start":{"line":57,"column":39},"end":{"line":57,"column":76}},"type":"binary-expr","locations":[{"start":{"line":57,"column":39},"end":{"line":57,"column":63}},{"start":{"line":57,"column":67},"end":{"line":57,"column":76}}],"line":57}},"s":{"0":4,"1":4,"2":18,"3":4,"4":4,"5":5,"6":5,"7":4,"8":9,"9":9,"10":4,"11":14,"12":14},"f":{"0":18,"1":5,"2":5,"3":9,"4":9,"5":14,"6":14},"b":{"0":[5,0],"1":[9,0],"2":[9,0]},"_coverageSchema":"1a1c01bbd47fc00a2c39e90264f33305004495a9","hash":"8a5545df573b75459d8020ecd5cb808264666e0a"}
,"C:\\Users\\Benny\\OneDrive\\Документы\\git__github\\react\\biblioteca-musical-estilizado-redux-toolkit\\src\\components\\SongDetail\\SongDetail.js": {"path":"C:\\Users\\Benny\\OneDrive\\Документы\\git__github\\react\\biblioteca-musical-estilizado-redux-toolkit\\src\\components\\SongDetail\\SongDetail.js","statementMap":{"0":{"start":{"line":6,"column":19},"end":{"line":45,"column":1}},"1":{"start":{"line":7,"column":17},"end":{"line":7,"column":28}},"2":{"start":{"line":10,"column":16},"end":{"line":10,"column":54}},"3":{"start":{"line":11,"column":17},"end":{"line":11,"column":81}},"4":{"start":{"line":13,"column":44},"end":{"line":13,"column":72}},"5":{"start":{"line":15,"column":2},"end":{"line":15,"column":50}},"6":{"start":{"line":15,"column":15},"end":{"line":15,"column":50}},"7":{"start":{"line":17,"column":2},"end":{"line":24,"column":3}},"8":{"start":{"line":18,"column":4},"end":{"line":23,"column":6}},"9":{"start":{"line":26,"column":2},"end":{"line":28,"column":3}},"10":{"start":{"line":27,"column":4},"end":{"line":27,"column":64}},"11":{"start":{"line":30,"column":16},"end":{"line":30,"column":29}},"12":{"start":{"line":32,"column":2},"end":{"line":44,"column":4}}},"fnMap":{"0":{"name":"(anonymous_0)","decl":{"start":{"line":6,"column":19},"end":{"line":6,"column":20}},"loc":{"start":{"line":6,"column":25},"end":{"line":45,"column":1}},"line":6}},"branchMap":{"0":{"loc":{"start":{"line":13,"column":53},"end":{"line":13,"column":71}},"type":"cond-expr","locations":[{"start":{"line":13,"column":58},"end":{"line":13,"column":64}},{"start":{"line":13,"column":67},"end":{"line":13,"column":71}}],"line":13},"1":{"loc":{"start":{"line":15,"column":2},"end":{"line":15,"column":50}},"type":"if","locations":[{"start":{"line":15,"column":2},"end":{"line":15,"column":50}},{"start":{},"end":{}}],"line":15},"2":{"loc":{"start":{"line":17,"column":2},"end":{"line":24,"column":3}},"type":"if","locations":[{"start":{"line":17,"column":2},"end":{"line":24,"column":3}},{"start":{},"end":{}}],"line":17},"3":{"loc":{"start":{"line":26,"column":2},"end":{"line":28,"column":3}},"type":"if","locations":[{"start":{"line":26,"column":2},"end":{"line":28,"column":3}},{"start":{},"end":{}}],"line":26},"4":{"loc":{"start":{"line":26,"column":6},"end":{"line":26,"column":26}},"type":"binary-expr","locations":[{"start":{"line":26,"column":6},"end":{"line":26,"column":11}},{"start":{"line":26,"column":15},"end":{"line":26,"column":26}}],"line":26},"5":{"loc":{"start":{"line":38,"column":7},"end":{"line":40,"column":7}},"type":"binary-expr","locations":[{"start":{"line":38,"column":7},"end":{"line":38,"column":26}},{"start":{"line":39,"column":8},"end":{"line":39,"column":62}}],"line":38},"6":{"loc":{"start":{"line":42,"column":10},"end":{"line":42,"column":68}},"type":"binary-expr","locations":[{"start":{"line":42,"column":10},"end":{"line":42,"column":32}},{"start":{"line":42,"column":36},"end":{"line":42,"column":68}}],"line":42}},"s":{"0":2,"1":4,"2":4,"3":4,"4":4,"5":4,"6":1,"7":3,"8":1,"9":2,"10":1,"11":1,"12":1},"f":{"0":4},"b":{"0":[0,4],"1":[1,3],"2":[1,2],"3":[1,1],"4":[2,1],"5":[1,1],"6":[1,0]},"_coverageSchema":"1a1c01bbd47fc00a2c39e90264f33305004495a9","hash":"e39a3b3f99eaae0d63db3badd5c8cb61d65d012a"}
,"C:\\Users\\Benny\\OneDrive\\Документы\\git__github\\react\\biblioteca-musical-estilizado-redux-toolkit\\src\\hooks\\useFetch.js": {"path":"C:\\Users\\Benny\\OneDrive\\Документы\\git__github\\react\\biblioteca-musical-estilizado-redux-toolkit\\src\\hooks\\useFetch.js","statementMap":{"0":{"start":{"line":3,"column":17},"end":{"line":29,"column":1}},"1":{"start":{"line":4,"column":26},"end":{"line":4,"column":40}},"2":{"start":{"line":5,"column":32},"end":{"line":5,"column":47}},"3":{"start":{"line":6,"column":28},"end":{"line":6,"column":42}},"4":{"start":{"line":8,"column":20},"end":{"line":22,"column":11}},"5":{"start":{"line":9,"column":4},"end":{"line":9,"column":21}},"6":{"start":{"line":9,"column":14},"end":{"line":9,"column":21}},"7":{"start":{"line":10,"column":4},"end":{"line":10,"column":21}},"8":{"start":{"line":11,"column":4},"end":{"line":11,"column":19}},"9":{"start":{"line":12,"column":4},"end":{"line":21,"column":9}},"10":{"start":{"line":13,"column":24},"end":{"line":13,"column":39}},"11":{"start":{"line":15,"column":8},"end":{"line":15,"column":22}},"12":{"start":{"line":16,"column":8},"end":{"line":16,"column":26}},"13":{"start":{"line":19,"column":8},"end":{"line":19,"column":54}},"14":{"start":{"line":20,"column":8},"end":{"line":20,"column":26}},"15":{"start":{"line":24,"column":2},"end":{"line":26,"column":18}},"16":{"start":{"line":25,"column":4},"end":{"line":25,"column":16}},"17":{"start":{"line":28,"column":2},"end":{"line":28,"column":54}}},"fnMap":{"0":{"name":"(anonymous_0)","decl":{"start":{"line":3,"column":17},"end":{"line":3,"column":18}},"loc":{"start":{"line":3,"column":26},"end":{"line":29,"column":1}},"line":3},"1":{"name":"(anonymous_1)","decl":{"start":{"line":8,"column":32},"end":{"line":8,"column":33}},"loc":{"start":{"line":8,"column":38},"end":{"line":22,"column":3}},"line":8},"2":{"name":"(anonymous_2)","decl":{"start":{"line":13,"column":12},"end":{"line":13,"column":13}},"loc":{"start":{"line":13,"column":24},"end":{"line":13,"column":39}},"line":13},"3":{"name":"(anonymous_3)","decl":{"start":{"line":14,"column":12},"end":{"line":14,"column":13}},"loc":{"start":{"line":14,"column":20},"end":{"line":17,"column":7}},"line":14},"4":{"name":"(anonymous_4)","decl":{"start":{"line":18,"column":13},"end":{"line":18,"column":14}},"loc":{"start":{"line":18,"column":20},"end":{"line":21,"column":7}},"line":18},"5":{"name":"(anonymous_5)","decl":{"start":{"line":24,"column":12},"end":{"line":24,"column":13}},"loc":{"start":{"line":24,"column":18},"end":{"line":26,"column":3}},"line":24}},"branchMap":{"0":{"loc":{"start":{"line":9,"column":4},"end":{"line":9,"column":21}},"type":"if","locations":[{"start":{"line":9,"column":4},"end":{"line":9,"column":21}},{"start":{},"end":{}}],"line":9}},"s":{"0":2,"1":10,"2":10,"3":10,"4":10,"5":5,"6":2,"7":3,"8":3,"9":3,"10":2,"11":2,"12":2,"13":1,"14":1,"15":10,"16":5,"17":10},"f":{"0":10,"1":5,"2":2,"3":2,"4":1,"5":5},"b":{"0":[2,3]},"_coverageSchema":"1a1c01bbd47fc00a2c39e90264f33305004495a9","hash":"a63110700d7c997105681eb09bb41f4395e82b8a"}
,"C:\\Users\\Benny\\OneDrive\\Документы\\git__github\\react\\biblioteca-musical-estilizado-redux-toolkit\\src\\redux\\slices\\librarySlice.js": {"path":"C:\\Users\\Benny\\OneDrive\\Документы\\git__github\\react\\biblioteca-musical-estilizado-redux-toolkit\\src\\redux\\slices\\librarySlice.js","statementMap":{"0":{"start":{"line":3,"column":21},"end":{"line":3,"column":23}},"1":{"start":{"line":5,"column":21},"end":{"line":19,"column":2}},"2":{"start":{"line":10,"column":21},"end":{"line":10,"column":70}},"3":{"start":{"line":10,"column":40},"end":{"line":10,"column":69}},"4":{"start":{"line":11,"column":6},"end":{"line":13,"column":7}},"5":{"start":{"line":12,"column":8},"end":{"line":12,"column":35}},"6":{"start":{"line":16,"column":6},"end":{"line":16,"column":62}},"7":{"start":{"line":16,"column":34},"end":{"line":16,"column":60}},"8":{"start":{"line":21,"column":39},"end":{"line":21,"column":59}}},"fnMap":{"0":{"name":"(anonymous_0)","decl":{"start":{"line":9,"column":13},"end":{"line":9,"column":14}},"loc":{"start":{"line":9,"column":32},"end":{"line":14,"column":5}},"line":9},"1":{"name":"(anonymous_1)","decl":{"start":{"line":10,"column":32},"end":{"line":10,"column":33}},"loc":{"start":{"line":10,"column":40},"end":{"line":10,"column":69}},"line":10},"2":{"name":"(anonymous_2)","decl":{"start":{"line":15,"column":16},"end":{"line":15,"column":17}},"loc":{"start":{"line":15,"column":35},"end":{"line":17,"column":5}},"line":15},"3":{"name":"(anonymous_3)","decl":{"start":{"line":16,"column":26},"end":{"line":16,"column":27}},"loc":{"start":{"line":16,"column":34},"end":{"line":16,"column":60}},"line":16}},"branchMap":{"0":{"loc":{"start":{"line":11,"column":6},"end":{"line":13,"column":7}},"type":"if","locations":[{"start":{"line":11,"column":6},"end":{"line":13,"column":7}},{"start":{},"end":{}}],"line":11}},"s":{"0":4,"1":4,"2":2,"3":1,"4":2,"5":1,"6":2,"7":2,"8":4},"f":{"0":2,"1":1,"2":2,"3":2},"b":{"0":[1,1]},"_coverageSchema":"1a1c01bbd47fc00a2c39e90264f33305004495a9","hash":"139f2fe86a27c6570f1e474e2610dace4144b869"}
,"C:\\Users\\Benny\\OneDrive\\Документы\\git__github\\react\\biblioteca-musical-estilizado-redux-toolkit\\src\\redux\\slices\\searchSlice.js": {"path":"C:\\Users\\Benny\\OneDrive\\Документы\\git__github\\react\\biblioteca-musical-estilizado-redux-toolkit\\src\\redux\\slices\\searchSlice.js","statementMap":{"0":{"start":{"line":5,"column":26},"end":{"line":22,"column":1}},"1":{"start":{"line":8,"column":4},"end":{"line":20,"column":5}},"2":{"start":{"line":10,"column":20},"end":{"line":10,"column":58}},"3":{"start":{"line":11,"column":18},"end":{"line":11,"column":90}},"4":{"start":{"line":13,"column":23},"end":{"line":13,"column":43}},"5":{"start":{"line":14,"column":6},"end":{"line":14,"column":50}},"6":{"start":{"line":16,"column":6},"end":{"line":16,"column":39}},"7":{"start":{"line":18,"column":6},"end":{"line":18,"column":57}},"8":{"start":{"line":19,"column":6},"end":{"line":19,"column":79}},"9":{"start":{"line":24,"column":20},"end":{"line":53,"column":2}},"10":{"start":{"line":33,"column":6},"end":{"line":33,"column":25}},"11":{"start":{"line":34,"column":6},"end":{"line":34,"column":25}},"12":{"start":{"line":35,"column":6},"end":{"line":35,"column":28}},"13":{"start":{"line":39,"column":4},"end":{"line":51,"column":9}},"14":{"start":{"line":41,"column":8},"end":{"line":41,"column":29}},"15":{"start":{"line":42,"column":8},"end":{"line":42,"column":27}},"16":{"start":{"line":45,"column":8},"end":{"line":45,"column":30}},"17":{"start":{"line":46,"column":8},"end":{"line":46,"column":39}},"18":{"start":{"line":49,"column":8},"end":{"line":49,"column":30}},"19":{"start":{"line":50,"column":8},"end":{"line":50,"column":37}},"20":{"start":{"line":55,"column":32},"end":{"line":55,"column":51}}},"fnMap":{"0":{"name":"(anonymous_0)","decl":{"start":{"line":7,"column":2},"end":{"line":7,"column":3}},"loc":{"start":{"line":7,"column":28},"end":{"line":21,"column":3}},"line":7},"1":{"name":"(anonymous_1)","decl":{"start":{"line":32,"column":18},"end":{"line":32,"column":19}},"loc":{"start":{"line":32,"column":29},"end":{"line":36,"column":5}},"line":32},"2":{"name":"(anonymous_2)","decl":{"start":{"line":38,"column":17},"end":{"line":38,"column":18}},"loc":{"start":{"line":38,"column":30},"end":{"line":52,"column":3}},"line":38},"3":{"name":"(anonymous_3)","decl":{"start":{"line":40,"column":35},"end":{"line":40,"column":36}},"loc":{"start":{"line":40,"column":46},"end":{"line":43,"column":7}},"line":40},"4":{"name":"(anonymous_4)","decl":{"start":{"line":44,"column":37},"end":{"line":44,"column":38}},"loc":{"start":{"line":44,"column":56},"end":{"line":47,"column":7}},"line":44},"5":{"name":"(anonymous_5)","decl":{"start":{"line":48,"column":36},"end":{"line":48,"column":37}},"loc":{"start":{"line":48,"column":55},"end":{"line":51,"column":7}},"line":48}},"branchMap":{"0":{"loc":{"start":{"line":16,"column":13},"end":{"line":16,"column":38}},"type":"binary-expr","locations":[{"start":{"line":16,"column":13},"end":{"line":16,"column":32}},{"start":{"line":16,"column":36},"end":{"line":16,"column":38}}],"line":16}},"s":{"0":3,"1":4,"2":4,"3":4,"4":4,"5":3,"6":3,"7":1,"8":1,"9":3,"10":1,"11":1,"12":1,"13":2,"14":4,"15":4,"16":3,"17":3,"18":1,"19":1,"20":3},"f":{"0":4,"1":1,"2":2,"3":4,"4":3,"5":1},"b":{"0":[3,0]},"_coverageSchema":"1a1c01bbd47fc00a2c39e90264f33305004495a9","hash":"08d127b853624011f9fa86a573619a37c7b5e723"}
}
