TN:
SF:functions.js
FN:3,sumArray
FN:11,countWords
FN:14,(anonymous_2)
FN:17,findMax
FN:26,isDivisible
FNF:5
FNH:5
FNDA:4,sumArray
FNDA:4,countWords
FNDA:16,(anonymous_2)
FNDA:4,findMax
FNDA:4,isDivisible
DA:4,4
DA:5,4
DA:6,10
DA:8,4
DA:12,4
DA:13,3
DA:14,16
DA:18,4
DA:19,3
DA:20,3
DA:21,9
DA:23,3
DA:27,4
DA:28,3
DA:31,1
LF:15
LH:15
BRDA:12,0,0,1
BRDA:12,0,1,3
BRDA:12,1,0,4
BRDA:12,1,1,3
BRDA:18,2,0,1
BRDA:18,2,1,3
BRDA:21,3,0,2
BRDA:21,3,1,7
BRDA:27,4,0,1
BRDA:27,4,1,3
BRF:10
BRH:10
end_of_record
TN:
SF:src\App.js
FN:13,App
FN:25,(anonymous_1)
FN:29,(anonymous_2)
FN:30,(anonymous_3)
FNF:4
FNH:2
FNDA:2,App
FNDA:2,(anonymous_1)
FNDA:0,(anonymous_2)
FNDA:0,(anonymous_3)
DA:14,2
DA:15,2
DA:17,2
DA:18,2
DA:20,2
DA:25,2
DA:26,2
DA:29,2
DA:30,0
DA:31,0
DA:32,0
DA:37,2
LF:12
LH:9
BRDA:21,0,0,0
BRDA:21,0,1,2
BRDA:31,1,0,0
BRDA:31,1,1,0
BRF:4
BRH:1
end_of_record
TN:
SF:src\Styles\theme.js
FNF:0
FNH:0
DA:1,6
LF:1
LH:1
BRF:0
BRH:0
end_of_record
TN:
SF:src\components\Header\Header.js
FN:4,(anonymous_0)
FNF:1
FNH:1
FNDA:4,(anonymous_0)
DA:4,2
DA:5,4
LF:2
LH:2
BRF:0
BRH:0
end_of_record
TN:
SF:src\components\Library\Library.js
FN:7,(anonymous_0)
FN:8,(anonymous_1)
FN:12,(anonymous_2)
FN:24,(anonymous_3)
FN:31,(anonymous_4)
FNF:5
FNH:5
FNDA:7,(anonymous_0)
FNDA:16,(anonymous_1)
FNDA:1,(anonymous_2)
FNDA:8,(anonymous_3)
FNDA:1,(anonymous_4)
DA:7,2
DA:8,16
DA:9,7
DA:10,7
DA:12,7
DA:13,1
DA:16,7
DA:25,8
DA:31,1
LF:9
LH:9
BRDA:20,0,0,4
BRDA:20,0,1,3
BRF:2
BRH:2
end_of_record
TN:
SF:src\components\Library\Library.styles.js
FN:10,(anonymous_0)
FN:11,(anonymous_1)
FN:19,(anonymous_2)
FNF:3
FNH:3
FNDA:7,(anonymous_0)
FNDA:7,(anonymous_1)
FNDA:4,(anonymous_2)
DA:4,2
DA:10,7
DA:11,7
DA:17,2
DA:19,4
DA:23,2
LF:6
LH:6
BRDA:10,0,0,1
BRDA:10,0,1,6
BRF:2
BRH:2
end_of_record
TN:
SF:src\components\SearchBar\SearchBar.js
FN:6,(anonymous_0)
FN:10,(anonymous_1)
FN:25,(anonymous_2)
FNF:3
FNH:3
FNDA:10,(anonymous_0)
FNDA:3,(anonymous_1)
FNDA:4,(anonymous_2)
DA:6,2
DA:7,10
DA:8,10
DA:10,10
DA:11,3
DA:12,3
DA:13,3
DA:14,3
DA:15,3
DA:19,10
DA:25,4
LF:11
LH:11
BRDA:13,0,0,3
BRDA:13,0,1,0
BRF:2
BRH:1
end_of_record
TN:
SF:src\components\SearchBar\SearchBar.styles.js
FN:16,(anonymous_0)
FN:22,(anonymous_1)
FN:28,(anonymous_2)
FN:37,(anonymous_3)
FNF:4
FNH:4
FNDA:10,(anonymous_0)
FNDA:10,(anonymous_1)
FNDA:10,(anonymous_2)
FNDA:10,(anonymous_3)
DA:3,2
DA:12,2
DA:16,10
DA:22,10
DA:26,2
DA:28,10
DA:37,10
LF:7
LH:7
BRDA:22,0,0,10
BRDA:22,0,1,0
BRDA:37,1,0,10
BRDA:37,1,1,0
BRF:4
BRH:2
end_of_record
TN:
SF:src\components\SearchResults\SearchResults.js
FN:14,(anonymous_0)
FN:16,(anonymous_1)
FN:18,(anonymous_2)
FN:28,(anonymous_3)
FN:54,(anonymous_4)
FN:60,(anonymous_5)
FNF:6
FNH:6
FNDA:9,(anonymous_0)
FNDA:18,(anonymous_1)
FNDA:1,(anonymous_2)
FNDA:1,(anonymous_3)
FNDA:4,(anonymous_4)
FNDA:1,(anonymous_5)
DA:14,2
DA:15,9
DA:16,18
DA:18,9
DA:19,1
DA:25,1
DA:28,9
DA:29,1
DA:30,1
DA:31,1
DA:35,9
DA:37,7
DA:38,1
DA:46,6
DA:47,3
DA:50,3
DA:55,4
DA:60,1
LF:18
LH:18
BRDA:30,0,0,1
BRDA:30,0,1,0
BRDA:35,1,0,2
BRDA:35,1,1,7
BRDA:37,2,0,1
BRDA:37,2,1,6
BRDA:46,3,0,3
BRDA:46,3,1,3
BRDA:46,4,0,6
BRDA:46,4,1,6
BRF:10
BRH:9
end_of_record
TN:
SF:src\components\SearchResults\SearchResults.styles.js
FN:21,(anonymous_0)
FNF:1
FNH:1
FNDA:5,(anonymous_0)
DA:3,2
DA:11,2
DA:19,2
DA:21,5
DA:25,2
DA:35,2
LF:6
LH:6
BRF:0
BRH:0
end_of_record
TN:
SF:src\components\Song\Song.js
FN:11,(anonymous_0)
FNF:1
FNH:1
FNDA:18,(anonymous_0)
DA:11,4
DA:12,18
LF:2
LH:2
BRDA:15,0,0,14
BRDA:15,0,1,4
BRDA:21,1,0,18
BRDA:21,1,1,5
BRDA:27,2,0,18
BRDA:27,2,1,9
BRF:6
BRH:6
end_of_record
TN:
SF:src\components\Song\Song.styles.js
FN:20,(anonymous_0)
FN:30,(anonymous_1)
FN:41,(anonymous_2)
FN:46,(anonymous_3)
FN:57,(anonymous_4)
FN:63,(anonymous_5)
FN:67,(anonymous_6)
FNF:7
FNH:7
FNDA:18,(anonymous_0)
FNDA:5,(anonymous_1)
FNDA:5,(anonymous_2)
FNDA:9,(anonymous_3)
FNDA:9,(anonymous_4)
FNDA:14,(anonymous_5)
FNDA:14,(anonymous_6)
DA:4,4
DA:17,4
DA:20,18
DA:23,4
DA:29,4
DA:30,5
DA:41,5
DA:45,4
DA:46,9
DA:57,9
DA:61,4
DA:63,14
DA:67,14
LF:13
LH:13
BRDA:41,0,0,5
BRDA:41,0,1,0
BRDA:46,1,0,9
BRDA:46,1,1,0
BRDA:57,2,0,9
BRDA:57,2,1,0
BRF:6
BRH:3
end_of_record
TN:
SF:src\components\SongDetail\SongDetail.js
FN:6,(anonymous_0)
FNF:1
FNH:1
FNDA:4,(anonymous_0)
DA:6,2
DA:7,4
DA:10,4
DA:11,4
DA:13,4
DA:15,4
DA:17,3
DA:18,1
DA:26,2
DA:27,1
DA:30,1
DA:32,1
LF:12
LH:12
BRDA:13,0,0,0
BRDA:13,0,1,4
BRDA:15,1,0,1
BRDA:15,1,1,3
BRDA:17,2,0,1
BRDA:17,2,1,2
BRDA:26,3,0,1
BRDA:26,3,1,1
BRDA:26,4,0,2
BRDA:26,4,1,1
BRDA:38,5,0,1
BRDA:38,5,1,1
BRDA:42,6,0,1
BRDA:42,6,1,0
BRF:14
BRH:12
end_of_record
TN:
SF:src\hooks\useFetch.js
FN:3,(anonymous_0)
FN:8,(anonymous_1)
FN:13,(anonymous_2)
FN:14,(anonymous_3)
FN:18,(anonymous_4)
FN:24,(anonymous_5)
FNF:6
FNH:6
FNDA:10,(anonymous_0)
FNDA:5,(anonymous_1)
FNDA:2,(anonymous_2)
FNDA:2,(anonymous_3)
FNDA:1,(anonymous_4)
FNDA:5,(anonymous_5)
DA:3,2
DA:4,10
DA:5,10
DA:6,10
DA:8,10
DA:9,5
DA:10,3
DA:11,3
DA:12,3
DA:13,2
DA:15,2
DA:16,2
DA:19,1
DA:20,1
DA:24,10
DA:25,5
DA:28,10
LF:17
LH:17
BRDA:9,0,0,2
BRDA:9,0,1,3
BRF:2
BRH:2
end_of_record
TN:
SF:src\redux\slices\librarySlice.js
FN:9,(anonymous_0)
FN:10,(anonymous_1)
FN:15,(anonymous_2)
FN:16,(anonymous_3)
FNF:4
FNH:4
FNDA:2,(anonymous_0)
FNDA:1,(anonymous_1)
FNDA:2,(anonymous_2)
FNDA:2,(anonymous_3)
DA:3,4
DA:5,4
DA:10,2
DA:11,2
DA:12,1
DA:16,2
DA:21,4
LF:7
LH:7
BRDA:11,0,0,1
BRDA:11,0,1,1
BRF:2
BRH:2
end_of_record
TN:
SF:src\redux\slices\searchSlice.js
FN:7,(anonymous_0)
FN:32,(anonymous_1)
FN:38,(anonymous_2)
FN:40,(anonymous_3)
FN:44,(anonymous_4)
FN:48,(anonymous_5)
FNF:6
FNH:6
FNDA:4,(anonymous_0)
FNDA:1,(anonymous_1)
FNDA:2,(anonymous_2)
FNDA:4,(anonymous_3)
FNDA:3,(anonymous_4)
FNDA:1,(anonymous_5)
DA:5,3
DA:8,4
DA:10,4
DA:11,4
DA:13,4
DA:14,3
DA:16,3
DA:18,1
DA:19,1
DA:24,3
DA:33,1
DA:34,1
DA:35,1
DA:39,2
DA:41,4
DA:42,4
DA:45,3
DA:46,3
DA:49,1
DA:50,1
DA:55,3
LF:21
LH:21
BRDA:16,0,0,3
BRDA:16,0,1,0
BRF:2
BRH:1
end_of_record
